<?xml version="1.0" encoding="UTF-8"?>
<!-- Generated by org.testng.reporters.JUnitReportReporter -->
<testsuite skipped="0" hostname="Mds-MBP-5" name="com.qa.Login.LoginTest" tests="2" failures="0" timestamp="2020-10-21T18:15:40 EDT" time="12.568" errors="0">
  <testcase name="invalidLogin" time="10.421" classname="com.qa.Login.LoginTest"/>
  <system-out/>
  <testcase name="successfulLogin" time="2.147" classname="com.qa.Login.LoginTest"/>
  <system-out/>
</testsuite> <!-- com.qa.Login.LoginTest -->
