<?xml version="1.0" encoding="UTF-8"?>
<!-- Generated by org.testng.reporters.JUnitReportReporter -->
<testsuite skipped="0" hostname="Mds-MBP-5" name="com.qa.JSAlerts.JSAlerts" tests="3" failures="0" timestamp="2020-12-01T16:33:21 EST" time="6.356" errors="0">
  <testcase name="jsConfirmTest" time="1.790" classname="com.qa.JSAlerts.JSAlerts"/>
  <system-out/>
  <testcase name="jsPrompt" time="3.016" classname="com.qa.JSAlerts.JSAlerts"/>
  <system-out/>
  <testcase name="jsAlertTest" time="1.550" classname="com.qa.JSAlerts.JSAlerts"/>
  <system-out/>
</testsuite> <!-- com.qa.JSAlerts.JSAlerts -->
