<?xml version="1.0" encoding="UTF-8"?>
<!-- Generated by org.testng.reporters.JUnitReportReporter -->
<testsuite skipped="0" hostname="Mds-MBP-5" name="com.qa.DropDown.DropDownTest" tests="2" failures="0" timestamp="2020-10-22T16:03:40 EDT" time="4.724" errors="0">
  <testcase name="option1" time="1.893" classname="com.qa.DropDown.DropDownTest"/>
  <system-out/>
  <testcase name="option2" time="2.831" classname="com.qa.DropDown.DropDownTest"/>
  <system-out/>
</testsuite> <!-- com.qa.DropDown.DropDownTest -->
