<?xml version="1.0" encoding="UTF-8"?>
<!-- Generated by org.testng.reporters.JUnitReportReporter -->
<testsuite skipped="0" hostname="Mds-MBP-5" name="com.qa.ContextMenu.ContextMenu" tests="1" failures="0" timestamp="19 Oct 2020 17:57:45 GMT" time="2.480" errors="0">
  <testcase name="contextmenuTest" time="2.480" classname="com.qa.ContextMenu.ContextMenu"/>
</testsuite> <!-- com.qa.ContextMenu.ContextMenu -->
