<?xml version="1.0" encoding="UTF-8"?>
<!-- Generated by org.testng.reporters.JUnitReportReporter -->
<testsuite skipped="0" hostname="Mds-MBP-5" name="com.qa.FloatingMenu.FloatingMenu" tests="2" failures="0" timestamp="2020-11-29T20:41:11 EST" time="4.595" errors="0">
  <testcase name="getFloatingMenuText" time="1.647" classname="com.qa.FloatingMenu.FloatingMenu"/>
  <system-out/>
  <testcase name="floatingMenuHomeTest" time="2.948" classname="com.qa.FloatingMenu.FloatingMenu"/>
  <system-out/>
</testsuite> <!-- com.qa.FloatingMenu.FloatingMenu -->
