<?xml version="1.0" encoding="UTF-8"?>
<!-- Generated by org.testng.reporters.JUnitReportReporter -->
<testsuite skipped="0" hostname="Mds-MBP-5" name="com.qa.OpenNewTaborWindow.OpenNewTabOrWindow" tests="1" failures="0" timestamp="2020-12-15T18:09:18 EST" time="4.544" errors="0">
  <testcase name="newWindowTest" time="4.544" classname="com.qa.OpenNewTaborWindow.OpenNewTabOrWindow"/>
  <system-out/>
</testsuite> <!-- com.qa.OpenNewTaborWindow.OpenNewTabOrWindow -->
