<?xml version="1.0" encoding="UTF-8"?>
<!-- Generated by org.testng.reporters.JUnitReportReporter -->
<testsuite skipped="1" hostname="Mds-MBP-5" name="com.qa.Dynamic_Loading.DynamicLoading" tests="2" failures="0" timestamp="2020-11-29T13:18:13 EST" time="7.510" errors="0">
  <testcase name="dynamicLoadingTest" time="7.510" classname="com.qa.Dynamic_Loading.DynamicLoading"/>
  <system-out/>
  <testcase name="verifyDynamicallyLoadedElement" classname="com.qa.Dynamic_Loading.DynamicLoading">
    <skipped/>
  </testcase> <!-- verifyDynamicallyLoadedElement -->
  <system-out/>
</testsuite> <!-- com.qa.Dynamic_Loading.DynamicLoading -->
