<?xml version="1.0" encoding="UTF-8"?>
<!-- Generated by org.testng.reporters.JUnitReportReporter -->
<testsuite skipped="0" hostname="Mds-MBP-5" name="com.qa.dynamicControls.DynamicControls" tests="20" failures="0" timestamp="2020-11-23T13:40:42 EST" time="105.903" errors="0">
  <testcase name="textBoxTest" time="14.547" classname="com.qa.dynamicControls.DynamicControls"/>
  <system-out/>
  <testcase name="textBoxTest" time="4.740" classname="com.qa.dynamicControls.DynamicControls"/>
  <system-out/>
  <testcase name="textBoxTest" time="4.739" classname="com.qa.dynamicControls.DynamicControls"/>
  <system-out/>
  <testcase name="textBoxTest" time="4.823" classname="com.qa.dynamicControls.DynamicControls"/>
  <system-out/>
  <testcase name="textBoxTest" time="4.705" classname="com.qa.dynamicControls.DynamicControls"/>
  <system-out/>
  <testcase name="checkBoxTest" time="4.753" classname="com.qa.dynamicControls.DynamicControls"/>
  <system-out/>
  <testcase name="checkBoxTest" time="4.727" classname="com.qa.dynamicControls.DynamicControls"/>
  <system-out/>
  <testcase name="checkBoxTest" time="5.716" classname="com.qa.dynamicControls.DynamicControls"/>
  <system-out/>
  <testcase name="checkBoxTest" time="4.852" classname="com.qa.dynamicControls.DynamicControls"/>
  <system-out/>
  <testcase name="checkBoxTest" time="4.680" classname="com.qa.dynamicControls.DynamicControls"/>
  <system-out/>
  <testcase name="textBoxTest" time="4.843" classname="com.qa.dynamicControls.DynamicControls"/>
  <system-out/>
  <testcase name="checkBoxTest" time="4.686" classname="com.qa.dynamicControls.DynamicControls"/>
  <system-out/>
  <testcase name="textBoxTest" time="4.786" classname="com.qa.dynamicControls.DynamicControls"/>
  <system-out/>
  <testcase name="checkBoxTest" time="4.802" classname="com.qa.dynamicControls.DynamicControls"/>
  <system-out/>
  <testcase name="checkBoxTest" time="4.739" classname="com.qa.dynamicControls.DynamicControls"/>
  <system-out/>
  <testcase name="textBoxTest" time="4.662" classname="com.qa.dynamicControls.DynamicControls"/>
  <system-out/>
  <testcase name="textBoxTest" time="4.759" classname="com.qa.dynamicControls.DynamicControls"/>
  <system-out/>
  <testcase name="checkBoxTest" time="4.646" classname="com.qa.dynamicControls.DynamicControls"/>
  <system-out/>
  <testcase name="checkBoxTest" time="4.904" classname="com.qa.dynamicControls.DynamicControls"/>
  <system-out/>
  <testcase name="textBoxTest" time="4.794" classname="com.qa.dynamicControls.DynamicControls"/>
  <system-out/>
</testsuite> <!-- com.qa.dynamicControls.DynamicControls -->
