<?xml version="1.0" encoding="UTF-8"?>
<!-- Generated by org.testng.reporters.JUnitReportReporter -->
<testsuite skipped="0" hostname="Mds-MBP-5" name="com.qa.JSAlertError.JSAlertError" tests="1" failures="0" timestamp="2020-12-01T17:34:42 EST" time="2.682" errors="0">
  <testcase name="jsErrorTest" time="2.682" classname="com.qa.JSAlertError.JSAlertError"/>
  <system-out/>
</testsuite> <!-- com.qa.JSAlertError.JSAlertError -->
