<?xml version="1.0" encoding="UTF-8"?>
<!-- Generated by org.testng.reporters.JUnitReportReporter -->
<testsuite skipped="0" hostname="Mds-MBP-5" name="com.qa.DragAndDrop.DragNdDrop" tests="1" failures="0" timestamp="2020-10-21T19:19:59 EDT" time="3.120" errors="0">
  <testcase name="dragNDrop" time="3.120" classname="com.qa.DragAndDrop.DragNdDrop"/>
  <system-out/>
</testsuite> <!-- com.qa.DragAndDrop.DragNdDrop -->
