<?xml version="1.0" encoding="UTF-8"?>
<!-- Generated by org.testng.reporters.JUnitReportReporter -->
<testsuite skipped="0" hostname="Mds-MBP-5" name="con.qa.Iframe.Iframe" tests="1" failures="0" timestamp="2020-11-30T13:53:33 EST" time="13.406" errors="0">
  <testcase name="iframeTest" time="13.406" classname="con.qa.Iframe.Iframe"/>
  <system-out/>
</testsuite> <!-- con.qa.Iframe.Iframe -->
