<?xml version="1.0" encoding="UTF-8"?>
<!-- Generated by org.testng.reporters.JUnitReportReporter -->
<testsuite skipped="0" hostname="Mds-MBP-5" name="com.qa.ckeckBoxes.CheckBoxes" tests="2" failures="0" timestamp="2020-10-21T18:17:05 EDT" time="4.680" errors="0">
  <testcase name="unCheckedBoxes" time="1.743" classname="com.qa.ckeckBoxes.CheckBoxes"/>
  <system-out/>
  <testcase name="CheckedBoxes" time="2.937" classname="com.qa.ckeckBoxes.CheckBoxes"/>
  <system-out/>
</testsuite> <!-- com.qa.ckeckBoxes.CheckBoxes -->
