<?xml version="1.0" encoding="UTF-8"?>
<!-- Generated by org.testng.reporters.JUnitReportReporter -->
<testsuite skipped="0" hostname="Mds-MBP-5" name="com.qa.NotificationMessage.NotificationMessage" tests="1" failures="0" timestamp="2020-12-15T18:58:01 EST" time="3.183" errors="0">
  <testcase name="notificationMessageTest" time="3.183" classname="com.qa.NotificationMessage.NotificationMessage"/>
  <system-out/>
</testsuite> <!-- com.qa.NotificationMessage.NotificationMessage -->
