<?xml version="1.0" encoding="UTF-8"?>
<!-- Generated by org.testng.reporters.JUnitReportReporter -->
<testsuite skipped="0" hostname="Mds-MBP-5" name="com.qa.MouseHover.MouseHover" tests="3" failures="0" timestamp="2020-11-30T18:41:07 EST" time="6.315" errors="0">
  <testcase name="user3" time="1.642" classname="com.qa.MouseHover.MouseHover"/>
  <system-out/>
  <testcase name="user2" time="2.960" classname="com.qa.MouseHover.MouseHover"/>
  <system-out/>
  <testcase name="user1" time="1.713" classname="com.qa.MouseHover.MouseHover"/>
  <system-out/>
</testsuite> <!-- com.qa.MouseHover.MouseHover -->
